<?xml version="1.0" encoding="UTF-8"?>
<!-- Generated by org.testng.reporters.JUnitXMLReporter -->
<testsuite ignored="0" hostname="DESKTOP-N2O8J3T" failures="2" tests="8" name="Test" time="2.394" errors="0" timestamp="2024-09-18T11:26:31 IST">
  <testcase classname="listenerdemo.FbLogin" name="checkTitle" time="0.065">
    <skipped/>
  </testcase> <!-- checkTitle -->
  <testcase classname="listenerdemo.FbLogin" name="checkTitle" time="0.163">
    <skipped/>
  </testcase> <!-- checkTitle -->
  <testcase classname="listenerdemo.FbLogin" name="checkTitle" time="0.139">
    <skipped/>
  </testcase> <!-- checkTitle -->
  <testcase classname="listenerdemo.FbLogin" name="checkTitle" time="0.067">
    <failure type="java.lang.AssertionError" message="expected [Facebook – log in or sign ] but found [Facebook – log in or sign up]">
      <![CDATA[java.lang.AssertionError: expected [Facebook – log in or sign ] but found [Facebook – log in or sign up]
at listenerdemo.FbLogin.checkTitle(FbLogin.java:53)
at java.base/java.util.ArrayList.forEach(ArrayList.java:1511)
... Removed 31 stack frames]]>
    </failure>
  </testcase> <!-- checkTitle -->
  <testcase classname="listenerdemo.FbLogin" name="login" time="0.635">
    <skipped/>
  </testcase> <!-- login -->
  <testcase classname="listenerdemo.FbLogin" name="login" time="0.394">
    <skipped/>
  </testcase> <!-- login -->
  <testcase classname="listenerdemo.FbLogin" name="login" time="0.351">
    <skipped/>
  </testcase> <!-- login -->
  <testcase classname="listenerdemo.FbLogin" name="login" time="0.427">
    <failure type="java.lang.AssertionError" message="expected [true] but found [false]">
      <![CDATA[java.lang.AssertionError: expected [true] but found [false]
at listenerdemo.FbLogin.login(FbLogin.java:45)
at java.base/java.util.ArrayList.forEach(ArrayList.java:1511)
... Removed 31 stack frames]]>
    </failure>
  </testcase> <!-- login -->
</testsuite> <!-- Test -->
