<?xml version="1.0" encoding="UTF-8"?>
<!-- Generated by org.testng.reporters.JUnitXMLReporter -->
<testsuite ignored="1" hostname="DESKTOP-N2O8J3T" failures="1" tests="1" name="Test(failed)" time="2.5" errors="0" timestamp="2024-09-17T12:02:54 IST">
  <testcase classname="listenerdemo.FbLogin" name="checkTitle" time="1.46">
    <failure type="java.lang.AssertionError" message="expected [Facebook – log in or sign ] but found [Facebook – log in or sign up]">
      <![CDATA[java.lang.AssertionError: expected [Facebook – log in or sign ] but found [Facebook – log in or sign up]
at listenerdemo.FbLogin.checkTitle(FbLogin.java:51)
at java.base/java.util.ArrayList.forEach(ArrayList.java:1511)
... Removed 31 stack frames]]>
    </failure>
  </testcase> <!-- checkTitle -->
  <testcase classname="listenerdemo.FbLogin" name="login" time="0.0">
    <ignored/>
  </testcase> <!-- login -->
</testsuite> <!-- Test(failed) -->
